<?xml version="1.0"?>
<!DOCTYPE coverage SYSTEM "http://cobertura.sourceforge.net/xml/coverage-04.dtd">

<coverage line-rate="0.0" branch-rate="1.0" lines-covered="0" lines-valid="2" branches-covered="0" branches-valid="0" complexity="1.0" version="1.9.4.1" timestamp="1495743489832">
	<sources>
		<source>C:/Users/ctsuser1/workspace/Cobertura/src/main/java</source>
		<source>--source</source>
		<source>C:/Users/ctsuser1/workspace/Cobertura/target/generated-sources/annotations</source>
	</sources>
	<packages>
		<package name="defaultpck" line-rate="0.0" branch-rate="1.0" complexity="1.0">
			<classes>
				<class name="defaultpck.Library" filename="defaultpck/Library.java" line-rate="0.0" branch-rate="1.0" complexity="1.0">
					<methods>
						<method name="&lt;init&gt;" signature="()V" line-rate="0.0" branch-rate="1.0">
							<lines>
								<line number="8" hits="0" branch="false"/>
							</lines>
						</method>
						<method name="someLibraryMethod" signature="()Z" line-rate="0.0" branch-rate="1.0">
							<lines>
								<line number="10" hits="0" branch="false"/>
							</lines>
						</method>
					</methods>
					<lines>
						<line number="8" hits="0" branch="false"/>
						<line number="10" hits="0" branch="false"/>
					</lines>
				</class>
			</classes>
		</package>
	</packages>
</coverage>
