<?xml version="1.0" encoding="UTF-8"?>
<!-- Generated by org.testng.reporters.JUnitXMLReporter -->
<testsuite hostname="CTSTX34526" ignored="0" name="Test" tests="7" failures="0" timestamp="25 May 2017 20:18:08 GMT" time="2.851" errors="0">
  <testcase name="jparser" time="0.271" classname="com.RestAssured.RestAssuredPOJO"/>
  <testcase name="fifthTest" time="1.641" classname="com.RestAssured.RestAssuredtest"/>
  <testcase name="firstTest" time="0.518" classname="com.RestAssured.RestAssuredtest"/>
  <testcase name="fourthTest" time="0.049" classname="com.RestAssured.RestAssuredtest"/>
  <testcase name="secondTest" time="0.083" classname="com.RestAssured.RestAssuredtest"/>
  <testcase name="sixthTest" time="0.12" classname="com.RestAssured.RestAssuredtest"/>
  <testcase name="thirdTest" time="0.147" classname="com.RestAssured.RestAssuredtest"/>
</testsuite> <!-- Test -->
