<?xml version="1.0" encoding="UTF-8"?>
<testng-results skipped="0" failed="0" ignored="0" total="7" passed="7">
  <reporter-output>
  </reporter-output>
  <suite name="Suite" duration-ms="2851" started-at="2017-05-25T20:18:05Z" finished-at="2017-05-25T20:18:08Z">
    <groups>
    </groups>
    <test name="Test" duration-ms="2851" started-at="2017-05-25T20:18:05Z" finished-at="2017-05-25T20:18:08Z">
      <class name="com.RestAssured.RestAssuredPOJO">
        <test-method status="PASS" signature="jparser()[pri:0, instance:com.RestAssured.RestAssuredPOJO@9629756]" name="jparser" duration-ms="271" started-at="2017-05-25T15:18:05Z" finished-at="2017-05-25T15:18:05Z">
          <reporter-output>
          </reporter-output>
        </test-method> <!-- jparser -->
      </class> <!-- com.RestAssured.RestAssuredPOJO -->
      <class name="com.RestAssured.RestAssuredtest">
        <test-method status="PASS" signature="fifthTest()[pri:0, instance:com.RestAssured.RestAssuredtest@58651fd0]" name="fifthTest" duration-ms="1641" started-at="2017-05-25T15:18:05Z" finished-at="2017-05-25T15:18:07Z">
          <reporter-output>
          </reporter-output>
        </test-method> <!-- fifthTest -->
        <test-method status="PASS" signature="firstTest()[pri:0, instance:com.RestAssured.RestAssuredtest@58651fd0]" name="firstTest" duration-ms="518" started-at="2017-05-25T15:18:07Z" finished-at="2017-05-25T15:18:08Z">
          <reporter-output>
          </reporter-output>
        </test-method> <!-- firstTest -->
        <test-method status="PASS" signature="fourthTest()[pri:0, instance:com.RestAssured.RestAssuredtest@58651fd0]" name="fourthTest" duration-ms="49" started-at="2017-05-25T15:18:08Z" finished-at="2017-05-25T15:18:08Z">
          <reporter-output>
          </reporter-output>
        </test-method> <!-- fourthTest -->
        <test-method status="PASS" signature="secondTest()[pri:0, instance:com.RestAssured.RestAssuredtest@58651fd0]" name="secondTest" duration-ms="83" started-at="2017-05-25T15:18:08Z" finished-at="2017-05-25T15:18:08Z">
          <reporter-output>
          </reporter-output>
        </test-method> <!-- secondTest -->
        <test-method status="PASS" signature="sixthTest()[pri:0, instance:com.RestAssured.RestAssuredtest@58651fd0]" name="sixthTest" duration-ms="120" started-at="2017-05-25T15:18:08Z" finished-at="2017-05-25T15:18:08Z">
          <reporter-output>
          </reporter-output>
        </test-method> <!-- sixthTest -->
        <test-method status="PASS" signature="thirdTest()[pri:0, instance:com.RestAssured.RestAssuredtest@58651fd0]" name="thirdTest" duration-ms="147" started-at="2017-05-25T15:18:08Z" finished-at="2017-05-25T15:18:08Z">
          <reporter-output>
          </reporter-output>
        </test-method> <!-- thirdTest -->
      </class> <!-- com.RestAssured.RestAssuredtest -->
    </test> <!-- Test -->
  </suite> <!-- Suite -->
</testng-results>
